生成启动时间为 2016/5/10 20:34:13。
     1>项目“D:\test\VisionSolution20160325\VisionProject\VisionProject.vcxproj”在节点 2 上(Build 个目标)。
     1>ClCompile:
         C:\Program Files (x86)\Microsoft Visual Studio 12.0\VC\bin\CL.exe /c /ZI /nologo /W3 /WX- /sdl /Od /Oy- /D WIN32 /D _WINDOWS /D _DEBUG /D _UNICODE /D UNICODE /D _AFXDLL /Gm /EHsc /RTC1 /MDd /GS /fp:precise /Zc:wchar_t /Zc:forScope /Yu"stdafx.h" /Fp"Debug\VisionProject.pch" /Fo"Debug\\" /Fd"Debug\vc120.pdb" /Gd /TP /analyze- /errorReport:prompt DoubleCrane.cpp
         DoubleCrane.cpp
     1>d:\test\visionsolution20160325\visionproject\doublecrane.cpp(57): warning C4244: “=”: 从“double”转换到“float”，可能丢失数据
     1>d:\test\visionsolution20160325\visionproject\doublecrane.cpp(179): warning C4244: “=”: 从“int”转换到“float”，可能丢失数据
     1>d:\test\visionsolution20160325\visionproject\doublecrane.cpp(180): warning C4244: “=”: 从“int”转换到“float”，可能丢失数据
     1>d:\test\visionsolution20160325\visionproject\doublecrane.cpp(181): warning C4244: “=”: 从“float”转换到“int”，可能丢失数据
     1>d:\test\visionsolution20160325\visionproject\doublecrane.cpp(182): warning C4244: “=”: 从“float”转换到“int”，可能丢失数据
     1>d:\test\visionsolution20160325\visionproject\doublecrane.cpp(251): warning C4552: “>”: 运算符不起任何作用；应输入带副作用的运算符
     1>d:\test\visionsolution20160325\visionproject\doublecrane.cpp(323): warning C4552: “>”: 运算符不起任何作用；应输入带副作用的运算符
     1>d:\test\visionsolution20160325\visionproject\doublecrane.cpp(406): warning C4244: “初始化”: 从“double”转换到“float”，可能丢失数据
     1>d:\test\visionsolution20160325\visionproject\doublecrane.cpp(407): warning C4244: “初始化”: 从“double”转换到“float”，可能丢失数据
     1>d:\test\visionsolution20160325\visionproject\doublecrane.cpp(408): warning C4244: “=”: 从“double”转换到“float”，可能丢失数据
     1>d:\test\visionsolution20160325\visionproject\doublecrane.cpp(409): warning C4244: “=”: 从“double”转换到“float”，可能丢失数据
     1>d:\test\visionsolution20160325\visionproject\doublecrane.cpp(419): warning C4244: “=”: 从“double”转换到“int”，可能丢失数据
     1>d:\test\visionsolution20160325\visionproject\doublecrane.cpp(420): warning C4244: “=”: 从“double”转换到“int”，可能丢失数据
     1>d:\test\visionsolution20160325\visionproject\doublecrane.cpp(424): warning C4244: “=”: 从“double”转换到“int”，可能丢失数据
     1>d:\test\visionsolution20160325\visionproject\doublecrane.cpp(425): warning C4244: “=”: 从“double”转换到“int”，可能丢失数据
     1>d:\test\visionsolution20160325\visionproject\doublecrane.cpp(427): warning C4244: “=”: 从“double”转换到“int”，可能丢失数据
     1>d:\test\visionsolution20160325\visionproject\doublecrane.cpp(428): warning C4244: “=”: 从“double”转换到“int”，可能丢失数据
     1>d:\test\visionsolution20160325\visionproject\doublecrane.cpp(501): warning C4244: “初始化”: 从“double”转换到“int”，可能丢失数据
     1>d:\test\visionsolution20160325\visionproject\doublecrane.cpp(578): warning C4244: “参数”: 从“int”转换到“float”，可能丢失数据
     1>d:\test\visionsolution20160325\visionproject\doublecrane.cpp(578): warning C4244: “初始化”: 从“double”转换到“int”，可能丢失数据
       Link:
         C:\Program Files (x86)\Microsoft Visual Studio 12.0\VC\bin\link.exe /ERRORREPORT:PROMPT /OUT:"D:\test\VisionSolution20160325\Debug\VisionProject.exe" /INCREMENTAL /NOLOGO FlyCapture2.lib opencv_ml2410d.lib opencv_calib3d2410d.lib opencv_contrib2410d.lib opencv_core2410d.lib opencv_features2d2410d.lib opencv_flann2410d.lib opencv_gpu2410d.lib opencv_highgui2410d.lib opencv_imgproc2410d.lib opencv_legacy2410d.lib opencv_objdetect2410d.lib opencv_ts2410d.lib opencv_video2410d.lib opencv_nonfree2410d.lib opencv_ocl2410d.lib opencv_photo2410d.lib opencv_stitching2410d.lib opencv_superres2410d.lib opencv_videostab2410d.lib /MANIFEST /MANIFESTUAC:"level='asInvoker' uiAccess='false'" /manifest:embed /manifestinput:"C:\Program Files (x86)\Microsoft Visual Studio 12.0\VC\Include\Manifest\dpiaware.manifest" /DEBUG /PDB:"D:\test\VisionSolution20160325\Debug\VisionProject.pdb" /SUBSYSTEM:WINDOWS /TLBID:1 /ENTRY:"wWinMainCRTStartup" /DYNAMICBASE /NXCOMPAT /IMPLIB:"D:\test\VisionSolution20160325\Debug\VisionProject.lib" /MACHINE:X86 Debug\VisionProject.res
         Debug\CameraGrab.obj
         Debug\ComPart.obj
         Debug\Cvgdi.obj
         Debug\DetObjectPar.obj
         Debug\DoubleCrane.obj
         Debug\log.obj
         Debug\MainFrm.obj
         Debug\NetWork.obj
         Debug\PointGray.obj
         Debug\SocketServer.obj
         Debug\StaticClass.obj
         Debug\stdafx.obj
         Debug\svPTGrab2.obj
         Debug\DetectData.obj
         Debug\TShowData.obj
         Debug\VisionCalibration.obj
         Debug\VisionProject.obj
         Debug\VisionProjectDoc.obj
         Debug\VisionProjectView.obj
         VisionProject.vcxproj -> D:\test\VisionSolution20160325\Debug\VisionProject.exe
     1>已完成生成项目“D:\test\VisionSolution20160325\VisionProject\VisionProject.vcxproj”(Build 个目标)的操作。

生成成功。

已用时间 00:00:00.96
