d:\test\visionsolution20160325\visionproject\debug\visionproject.pch
d:\test\visionsolution20160325\visionproject\debug\vc120.pdb
d:\test\visionsolution20160325\visionproject\debug\vc120.idb
d:\test\visionsolution20160325\visionproject\debug\stdafx.obj
d:\test\visionsolution20160325\visionproject\debug\cameragrab.obj
d:\test\visionsolution20160325\visionproject\debug\compart.obj
d:\test\visionsolution20160325\visionproject\debug\cvgdi.obj
d:\test\visionsolution20160325\visionproject\debug\detobjectpar.obj
d:\test\visionsolution20160325\visionproject\debug\doublecrane.obj
d:\test\visionsolution20160325\visionproject\debug\log.obj
d:\test\visionsolution20160325\visionproject\debug\mainfrm.obj
d:\test\visionsolution20160325\visionproject\debug\network.obj
d:\test\visionsolution20160325\visionproject\debug\pointgray.obj
d:\test\visionsolution20160325\visionproject\debug\socketserver.obj
d:\test\visionsolution20160325\visionproject\debug\staticclass.obj
d:\test\visionsolution20160325\visionproject\debug\svptgrab2.obj
d:\test\visionsolution20160325\visionproject\debug\detectdata.obj
d:\test\visionsolution20160325\visionproject\debug\tshowdata.obj
d:\test\visionsolution20160325\visionproject\debug\visioncalibration.obj
d:\test\visionsolution20160325\visionproject\debug\visionproject.obj
d:\test\visionsolution20160325\visionproject\debug\visionprojectdoc.obj
d:\test\visionsolution20160325\visionproject\debug\visionprojectview.obj
d:\test\visionsolution20160325\debug\visionproject.ilk
d:\test\visionsolution20160325\debug\visionproject.exe
d:\test\visionsolution20160325\debug\visionproject.pdb
d:\test\visionsolution20160325\visionproject\debug\visionproject.res
d:\test\visionsolution20160325\visionproject\debug\visionproject.tlog\cl.command.1.tlog
d:\test\visionsolution20160325\visionproject\debug\visionproject.tlog\cl.read.1.tlog
d:\test\visionsolution20160325\visionproject\debug\visionproject.tlog\cl.write.1.tlog
d:\test\visionsolution20160325\visionproject\debug\visionproject.tlog\link.command.1.tlog
d:\test\visionsolution20160325\visionproject\debug\visionproject.tlog\link.read.1.tlog
d:\test\visionsolution20160325\visionproject\debug\visionproject.tlog\link.write.1.tlog
d:\test\visionsolution20160325\visionproject\debug\visionproject.tlog\rc.command.1.tlog
d:\test\visionsolution20160325\visionproject\debug\visionproject.tlog\rc.read.1.tlog
d:\test\visionsolution20160325\visionproject\debug\visionproject.tlog\rc.write.1.tlog
