生成启动时间为 2016/4/18 16:34:08。
     1>项目“D:\test\VisionSolution20160325\VisionProject\VisionProject.vcxproj”在节点 2 上(Build 个目标)。
     1>ClCompile:
         C:\Program Files (x86)\Microsoft Visual Studio 12.0\VC\bin\CL.exe /c /ZI /nologo /W3 /WX- /sdl /Od /Oy- /D WIN32 /D _WINDOWS /D _DEBUG /D _UNICODE /D UNICODE /D _AFXDLL /Gm /EHsc /RTC1 /MDd /GS /fp:precise /Zc:wchar_t /Zc:forScope /Yu"stdafx.h" /Fp"Debug\VisionProject.pch" /Fo"Debug\\" /Fd"Debug\vc120.pdb" /Gd /TP /analyze- /errorReport:prompt svPTGrab2.cpp
         svPTGrab2.cpp
     1>c:\program files (x86)\point grey research\flycapture2\include\flycapture2.h : warning C4819: 该文件包含不能在当前代码页(936)中表示的字符。请将该文件保存为 Unicode 格式以防止数据丢失
     1>c:\program files (x86)\point grey research\flycapture2\include\flycapture2defs.h : warning C4819: 该文件包含不能在当前代码页(936)中表示的字符。请将该文件保存为 Unicode 格式以防止数据丢失
     1>c:\program files (x86)\point grey research\flycapture2\include\error.h : warning C4819: 该文件包含不能在当前代码页(936)中表示的字符。请将该文件保存为 Unicode 格式以防止数据丢失
     1>c:\program files (x86)\point grey research\flycapture2\include\camera.h : warning C4819: 该文件包含不能在当前代码页(936)中表示的字符。请将该文件保存为 Unicode 格式以防止数据丢失
     1>c:\program files (x86)\point grey research\flycapture2\include\camerabase.h : warning C4819: 该文件包含不能在当前代码页(936)中表示的字符。请将该文件保存为 Unicode 格式以防止数据丢失
     1>c:\program files (x86)\point grey research\flycapture2\include\gigecamera.h : warning C4819: 该文件包含不能在当前代码页(936)中表示的字符。请将该文件保存为 Unicode 格式以防止数据丢失
     1>c:\program files (x86)\point grey research\flycapture2\include\image.h : warning C4819: 该文件包含不能在当前代码页(936)中表示的字符。请将该文件保存为 Unicode 格式以防止数据丢失
     1>c:\program files (x86)\point grey research\flycapture2\include\utilities.h : warning C4819: 该文件包含不能在当前代码页(936)中表示的字符。请将该文件保存为 Unicode 格式以防止数据丢失
     1>d:\test\visionsolution20160325\visionproject\svptgrab2.cpp(239): warning C4018: “<”: 有符号/无符号不匹配
     1>d:\test\visionsolution20160325\visionproject\svptgrab2.cpp(2063): warning C4018: “<”: 有符号/无符号不匹配
     1>d:\test\visionsolution20160325\visionproject\svptgrab2.cpp(2290): warning C4305: “参数”: 从“int”到“char”截断
     1>d:\test\visionsolution20160325\visionproject\svptgrab2.cpp(2290): warning C4309: “参数”: 截断常量值
     1>d:\test\visionsolution20160325\visionproject\svptgrab2.cpp(2377): warning C4305: “参数”: 从“int”到“char”截断
     1>d:\test\visionsolution20160325\visionproject\svptgrab2.cpp(2377): warning C4309: “参数”: 截断常量值
     1>d:\test\visionsolution20160325\visionproject\svptgrab2.cpp(2905): warning C4018: “<”: 有符号/无符号不匹配
     1>d:\test\visionsolution20160325\visionproject\svptgrab2.cpp(2971): warning C4018: “<”: 有符号/无符号不匹配
       Link:
         C:\Program Files (x86)\Microsoft Visual Studio 12.0\VC\bin\link.exe /ERRORREPORT:PROMPT /OUT:"D:\test\VisionSolution20160325\Debug\VisionProject.exe" /INCREMENTAL /NOLOGO FlyCapture2.lib opencv_ml2410d.lib opencv_calib3d2410d.lib opencv_contrib2410d.lib opencv_core2410d.lib opencv_features2d2410d.lib opencv_flann2410d.lib opencv_gpu2410d.lib opencv_highgui2410d.lib opencv_imgproc2410d.lib opencv_legacy2410d.lib opencv_objdetect2410d.lib opencv_ts2410d.lib opencv_video2410d.lib opencv_nonfree2410d.lib opencv_ocl2410d.lib opencv_photo2410d.lib opencv_stitching2410d.lib opencv_superres2410d.lib opencv_videostab2410d.lib /MANIFEST /MANIFESTUAC:"level='asInvoker' uiAccess='false'" /manifest:embed /manifestinput:"C:\Program Files (x86)\Microsoft Visual Studio 12.0\VC\Include\Manifest\dpiaware.manifest" /DEBUG /PDB:"D:\test\VisionSolution20160325\Debug\VisionProject.pdb" /SUBSYSTEM:WINDOWS /TLBID:1 /ENTRY:"wWinMainCRTStartup" /DYNAMICBASE /NXCOMPAT /IMPLIB:"D:\test\VisionSolution20160325\Debug\VisionProject.lib" /MACHINE:X86 Debug\VisionProject.res
         Debug\CameraGrab.obj
         Debug\ComPart.obj
         Debug\Cvgdi.obj
         Debug\DetObjectPar.obj
         Debug\DoubleCrane.obj
         Debug\log.obj
         Debug\MainFrm.obj
         Debug\NetWork.obj
         Debug\PointGray.obj
         Debug\SocketServer.obj
         Debug\StaticClass.obj
         Debug\stdafx.obj
         Debug\svPTGrab2.obj
         Debug\DetectData.obj
         Debug\TShowData.obj
         Debug\VisionCalibration.obj
         Debug\VisionProject.obj
         Debug\VisionProjectDoc.obj
         Debug\VisionProjectView.obj
         VisionProject.vcxproj -> D:\test\VisionSolution20160325\Debug\VisionProject.exe
     1>已完成生成项目“D:\test\VisionSolution20160325\VisionProject\VisionProject.vcxproj”(Build 个目标)的操作。

生成成功。

已用时间 00:00:00.73
