c:\visionsolution20160325\visionproject\release\visionproject.pch
c:\visionsolution20160325\visionproject\release\vc120.pdb
c:\visionsolution20160325\visionproject\release\stdafx.obj
c:\visionsolution20160325\visionproject\release\tshowdata.obj
c:\visionsolution20160325\visionproject\release\detectdata.obj
c:\visionsolution20160325\visionproject\release\staticclass.obj
c:\visionsolution20160325\visionproject\release\socketserver.obj
c:\visionsolution20160325\visionproject\release\network.obj
c:\visionsolution20160325\visionproject\release\log.obj
c:\visionsolution20160325\visionproject\release\doublecrane.obj
c:\visionsolution20160325\visionproject\release\cvgdi.obj
c:\visionsolution20160325\visionproject\release\visionprojectview.obj
c:\visionsolution20160325\visionproject\release\visionprojectdoc.obj
c:\visionsolution20160325\visionproject\release\visionproject.obj
c:\visionsolution20160325\visionproject\release\visioncalibration.obj
c:\visionsolution20160325\visionproject\release\svptgrab2.obj
c:\visionsolution20160325\visionproject\release\pointgray.obj
c:\visionsolution20160325\visionproject\release\mainfrm.obj
c:\visionsolution20160325\visionproject\release\detobjectpar.obj
c:\visionsolution20160325\visionproject\release\compart.obj
c:\visionsolution20160325\visionproject\release\cameragrab.obj
c:\visionsolution20160325\release\visionproject.exe
c:\visionsolution20160325\release\visionproject.pdb
c:\visionsolution20160325\visionproject\release\visionproject.res
d:\test\visionsolution20160325\visionproject\release\cameragrab.obj
d:\test\visionsolution20160325\visionproject\release\compart.obj
d:\test\visionsolution20160325\visionproject\release\cvgdi.obj
d:\test\visionsolution20160325\visionproject\release\detectdata.obj
d:\test\visionsolution20160325\visionproject\release\detobjectpar.obj
d:\test\visionsolution20160325\visionproject\release\doublecrane.obj
d:\test\visionsolution20160325\visionproject\release\log.obj
d:\test\visionsolution20160325\visionproject\release\mainfrm.obj
d:\test\visionsolution20160325\visionproject\release\network.obj
d:\test\visionsolution20160325\visionproject\release\pointgray.obj
d:\test\visionsolution20160325\visionproject\release\socketserver.obj
d:\test\visionsolution20160325\visionproject\release\staticclass.obj
d:\test\visionsolution20160325\visionproject\release\stdafx.obj
d:\test\visionsolution20160325\visionproject\release\svptgrab2.obj
d:\test\visionsolution20160325\visionproject\release\tshowdata.obj
d:\test\visionsolution20160325\visionproject\release\visioncalibration.obj
d:\test\visionsolution20160325\visionproject\release\visionproject.obj
d:\test\visionsolution20160325\visionproject\release\visionprojectdoc.obj
d:\test\visionsolution20160325\visionproject\release\visionprojectview.obj
d:\test\visionsolution20160325\visionproject\release\visionproject.res
d:\test\visionsolution20160325\visionproject\release\visionproject.pch
d:\test\visionsolution20160325\visionproject\release\vc120.pdb
d:\test\visionsolution20160325\release\visionproject.pdb
d:\test\visionsolution20160325\release\visionproject.exe
d:\test\visionsolution20160325\visionproject\release\visionproject.tlog\cl.command.1.tlog
d:\test\visionsolution20160325\visionproject\release\visionproject.tlog\cl.read.1.tlog
d:\test\visionsolution20160325\visionproject\release\visionproject.tlog\cl.write.1.tlog
d:\test\visionsolution20160325\visionproject\release\visionproject.tlog\link.command.1.tlog
d:\test\visionsolution20160325\visionproject\release\visionproject.tlog\link.read.1.tlog
d:\test\visionsolution20160325\visionproject\release\visionproject.tlog\link.write.1.tlog
d:\test\visionsolution20160325\visionproject\release\visionproject.tlog\rc.command.1.tlog
d:\test\visionsolution20160325\visionproject\release\visionproject.tlog\rc.read.1.tlog
d:\test\visionsolution20160325\visionproject\release\visionproject.tlog\rc.write.1.tlog
